<?xml version="1.0" encoding="UTF-8"?>
<testng-results skipped="0" failed="0" total="1" passed="1">
  <reporter-output>
  </reporter-output>
  <suite name="Default suite" duration-ms="17521" started-at="2017-01-23T19:28:39Z" finished-at="2017-01-23T19:28:57Z">
    <groups>
    </groups>
    <test name="Default test" duration-ms="17521" started-at="2017-01-23T19:28:39Z" finished-at="2017-01-23T19:28:57Z">
      <class name="com.mysite.myproject.NewTest">
        <test-method status="PASS" signature="SendToSelectRecipientsWithOutImage()[pri:0, instance:com.mysite.myproject.NewTest@2ef5e5e3]" name="SendToSelectRecipientsWithOutImage" duration-ms="17478" started-at="2017-01-23T14:28:39Z" finished-at="2017-01-23T14:28:57Z">
          <reporter-output>
          </reporter-output>
        </test-method> <!-- SendToSelectRecipientsWithOutImage -->
      </class> <!-- com.mysite.myproject.NewTest -->
    </test> <!-- Default test -->
  </suite> <!-- Default suite -->
</testng-results>
